<?xml version="1.0" encoding="UTF-8"?>
<!-- Generated by org.testng.reporters.JUnitXMLReporter -->
<testsuite ignored="0" hostname="LAPTOP-30A2M6SH" failures="0" tests="5" name="Test" time="49.456" errors="0" timestamp="2024-12-15T15:58:11 IST">
  <testcase classname="com.HRMprojectTest.LoginTest" name="testLogin" time="1.644"/>
  <testcase classname="com.HRMprojectTest.LoginTest" name="testLogin" time="3.411"/>
  <testcase classname="com.HRMprojectTest.LoginTest" name="testLogin" time="1.357"/>
  <testcase classname="com.HRMprojectTest.LoginTest" name="testLogin" time="7.227"/>
  <testcase classname="com.HRMprojectTest.LoginTest" name="testLogin" time="6.838"/>
</testsuite> <!-- Test -->
