<?xml version="1.0" encoding="UTF-8"?>
<!-- Generated by org.testng.reporters.JUnitXMLReporter -->
<testsuite ignored="0" hostname="LAPTOP-30A2M6SH" failures="0" tests="2" name="LoginPageTest" time="9.373" errors="0" timestamp="2024-12-19T10:25:03 IST">
  <testcase classname="com.HRMscenario2pagefactorys.tests.LoginPageTestPF" name="verifyTitle" time="0.018"/>
  <testcase classname="com.HRMscenario2pagefactorys.tests.LoginPageTestPF" name="verifyLoginTest" time="1.822"/>
</testsuite> <!-- LoginPageTest -->
